current directory: /Users/ishiharahikaru/workplace/vue_task_app/vender/bundle/ruby/2.6.0/gems/msgpack-1.3.1/ext/msgpack
/Users/ishiharahikaru/.rbenv/versions/2.6.5/bin/ruby -r ./siteconf20200114-4517-1cxukjl.rb extconf.rb
checking for ruby/st.h... yes
checking for st.h... yes
checking for rb_str_replace() in ruby.h... yes
checking for rb_intern_str() in ruby.h... yes
checking for rb_sym2str() in ruby.h... yes
checking for rb_str_intern() in ruby.h... yes
checking for rb_block_lambda() in ruby.h... yes
checking for rb_hash_dup() in ruby.h... yes
checking for rb_hash_clear() in ruby.h... yes
creating Makefile

To see why this extension failed to compile, please check the mkmf.log which can be found here:

  /Users/ishiharahikaru/workplace/vue_task_app/vender/bundle/ruby/2.6.0/extensions/x86_64-darwin-19/2.6.0/msgpack-1.3.1/mkmf.log

current directory: /Users/ishiharahikaru/workplace/vue_task_app/vender/bundle/ruby/2.6.0/gems/msgpack-1.3.1/ext/msgpack
make "DESTDIR=" clean

current directory: /Users/ishiharahikaru/workplace/vue_task_app/vender/bundle/ruby/2.6.0/gems/msgpack-1.3.1/ext/msgpack
make "DESTDIR="
compiling buffer.c
compiling buffer_class.c
compiling extension_value_class.c
compiling factory_class.c
compiling packer.c
compiling packer_class.c
compiling packer_ext_registry.c
compiling rbinit.c
compiling rmem.c
compiling unpacker.c
compiling unpacker_class.c
unpacker_class.c:131:1: warning: function 'raise_unpacker_error' could be declared with attribute 'noreturn' [-Wmissing-noreturn]
{
^
unpacker_class.c:219:14: warning: unused function 'Unpacker_peek_next_type' [-Wunused-function]
static VALUE Unpacker_peek_next_type(VALUE self)
             ^
2 warnings generated.
compiling unpacker_ext_registry.c
linking shared-object msgpack/msgpack.bundle

current directory: /Users/ishiharahikaru/workplace/vue_task_app/vender/bundle/ruby/2.6.0/gems/msgpack-1.3.1/ext/msgpack
make "DESTDIR=" install
/usr/bin/install -c -m 0755 msgpack.bundle ./.gem.20200114-4517-14p8ya2/msgpack
